<?xml version="1.0" encoding="UTF-8"?>
<!-- Generated by org.testng.reporters.JUnitReportReporter -->
<testsuite hostname="LAPTOP-T22UOKH9" failures="0" tests="5" name="Restassured.DummyApi" time="2.595" errors="0" timestamp="2024-05-28T01:56:14 IST" skipped="4">
  <testcase classname="Restassured.DummyApi" name="DeleteAnEmployeeRecord" time="2.595"/>
  <system-out/>
  <testcase classname="Restassured.DummyApi" name="GetAllemployeeData">
    <skipped/>
  </testcase> <!-- GetAllemployeeData -->
  <system-out/>
  <testcase classname="Restassured.DummyApi" name="UpdateanEmployeerecord">
    <skipped/>
  </testcase> <!-- UpdateanEmployeerecord -->
  <system-out/>
  <testcase classname="Restassured.DummyApi" name="GetasingleEmployeedata">
    <skipped/>
  </testcase> <!-- GetasingleEmployeedata -->
  <system-out/>
  <testcase classname="Restassured.DummyApi" name="CreateNewRecordinDatabase">
    <skipped/>
  </testcase> <!-- CreateNewRecordinDatabase -->
  <system-out/>
</testsuite> <!-- Restassured.DummyApi -->
