<?xml version="1.0" encoding="UTF-8"?>
<!-- Generated by org.testng.reporters.JUnitReportReporter -->
<testsuite hostname="LAPTOP-T22UOKH9" failures="0" tests="3" name="Restassured.Trello" time="3.886" errors="0" timestamp="2024-05-28T12:05:43 IST" skipped="2">
  <testcase classname="Restassured.Trello" name="DeleteAboard" time="3.886"/>
  <system-out/>
  <testcase classname="Restassured.Trello" name="CreateAboard">
    <skipped/>
  </testcase> <!-- CreateAboard -->
  <system-out/>
  <testcase classname="Restassured.Trello" name="getABoard">
    <skipped/>
  </testcase> <!-- getABoard -->
  <system-out/>
</testsuite> <!-- Restassured.Trello -->
