<?xml version="1.0" encoding="UTF-8"?>
<!-- Generated by org.testng.reporters.JUnitReportReporter -->
<testsuite hostname="LAPTOP-T22UOKH9" failures="0" tests="12" name="Restassured.Dummyjson" time="4.830" errors="0" timestamp="2024-06-01T13:25:26 IST" skipped="11">
  <testcase classname="Restassured.Dummyjson" name="Deleteaproduct" time="4.830"/>
  <system-out/>
  <testcase classname="Restassured.Dummyjson" name="Limitandskipproducts">
    <skipped/>
  </testcase> <!-- Limitandskipproducts -->
  <system-out/>
  <testcase classname="Restassured.Dummyjson" name="Getproductsbyacategory">
    <skipped/>
  </testcase> <!-- Getproductsbyacategory -->
  <system-out/>
  <testcase classname="Restassured.Dummyjson" name="GetasingleProduct">
    <skipped/>
  </testcase> <!-- GetasingleProduct -->
  <system-out/>
  <testcase classname="Restassured.Dummyjson" name="SearchProduct">
    <skipped/>
  </testcase> <!-- SearchProduct -->
  <system-out/>
  <testcase classname="Restassured.Dummyjson" name="Updateaproduct">
    <skipped/>
  </testcase> <!-- Updateaproduct -->
  <system-out/>
  <testcase classname="Restassured.Dummyjson" name="Getproductscategorylist">
    <skipped/>
  </testcase> <!-- Getproductscategorylist -->
  <system-out/>
  <testcase classname="Restassured.Dummyjson" name="LoginandGetToken">
    <skipped/>
  </testcase> <!-- LoginandGetToken -->
  <system-out/>
  <testcase classname="Restassured.Dummyjson" name="Getallproductscategories">
    <skipped/>
  </testcase> <!-- Getallproductscategories -->
  <system-out/>
  <testcase classname="Restassured.Dummyjson" name="Getallproducts">
    <skipped/>
  </testcase> <!-- Getallproducts -->
  <system-out/>
  <testcase classname="Restassured.Dummyjson" name="Sortproducts">
    <skipped/>
  </testcase> <!-- Sortproducts -->
  <system-out/>
  <testcase classname="Restassured.Dummyjson" name="addanewaproduct">
    <skipped/>
  </testcase> <!-- addanewaproduct -->
  <system-out/>
</testsuite> <!-- Restassured.Dummyjson -->
