<?xml version="1.0" encoding="UTF-8"?>
<!-- Generated by org.testng.reporters.JUnitReportReporter -->
<testsuite hostname="LAPTOP-T22UOKH9" failures="0" tests="1" name="Restassured.GitRepo" time="3.727" errors="0" timestamp="2024-05-28T13:54:28 IST" skipped="0">
  <testcase classname="Restassured.GitRepo" name="CreateANewrepo" time="3.727"/>
  <system-out/>
</testsuite> <!-- Restassured.GitRepo -->
