<?xml version="1.0" encoding="UTF-8"?>
<!-- Generated by org.testng.reporters.JUnitReportReporter -->
<testsuite hostname="LAPTOP-T22UOKH9" failures="0" tests="9" name="Restassured.Simplebook" time="5.092" errors="0" timestamp="2024-05-28T00:46:05 IST" skipped="8">
  <testcase classname="Restassured.Simplebook" name="DeleteOrder" time="5.092"/>
  <system-out/>
  <testcase classname="Restassured.Simplebook" name="APIAuthentication">
    <skipped/>
  </testcase> <!-- APIAuthentication -->
  <system-out/>
  <testcase classname="Restassured.Simplebook" name="StatusofBook">
    <skipped/>
  </testcase> <!-- StatusofBook -->
  <system-out/>
  <testcase classname="Restassured.Simplebook" name="Getallorders">
    <skipped/>
  </testcase> <!-- Getallorders -->
  <system-out/>
  <testcase classname="Restassured.Simplebook" name="getOrder">
    <skipped/>
  </testcase> <!-- getOrder -->
  <system-out/>
  <testcase classname="Restassured.Simplebook" name="ListofBooks">
    <skipped/>
  </testcase> <!-- ListofBooks -->
  <system-out/>
  <testcase classname="Restassured.Simplebook" name="singleBook">
    <skipped/>
  </testcase> <!-- singleBook -->
  <system-out/>
  <testcase classname="Restassured.Simplebook" name="updateOrder">
    <skipped/>
  </testcase> <!-- updateOrder -->
  <system-out/>
  <testcase classname="Restassured.Simplebook" name="SubmitanOrder">
    <skipped/>
  </testcase> <!-- SubmitanOrder -->
  <system-out/>
</testsuite> <!-- Restassured.Simplebook -->
