<?xml version="1.0" encoding="UTF-8"?>
<!-- Generated by org.testng.reporters.JUnitReportReporter -->
<testsuite hostname="LAPTOP-T22UOKH9" failures="0" tests="15" name="Restassured.reqres" time="5.128" errors="0" timestamp="2024-05-24T17:36:23 IST" skipped="14">
  <testcase classname="Restassured.reqres" name="DELAYEDRESPONSE" time="5.128"/>
  <system-out/>
  <testcase classname="Restassured.reqres" name="Update">
    <skipped/>
  </testcase> <!-- Update -->
  <system-out/>
  <testcase classname="Restassured.reqres" name="SINGLEUSERNOTFOUND">
    <skipped/>
  </testcase> <!-- SINGLEUSERNOTFOUND -->
  <system-out/>
  <testcase classname="Restassured.reqres" name="singleuser">
    <skipped/>
  </testcase> <!-- singleuser -->
  <system-out/>
  <testcase classname="Restassured.reqres" name="SINGLERESOURCENOTFOUND">
    <skipped/>
  </testcase> <!-- SINGLERESOURCENOTFOUND -->
  <system-out/>
  <testcase classname="Restassured.reqres" name="create">
    <skipped/>
  </testcase> <!-- create -->
  <system-out/>
  <testcase classname="Restassured.reqres" name="REGISTERSUCCESSFUL">
    <skipped/>
  </testcase> <!-- REGISTERSUCCESSFUL -->
  <system-out/>
  <testcase classname="Restassured.reqres" name="LISTRESOURCE">
    <skipped/>
  </testcase> <!-- LISTRESOURCE -->
  <system-out/>
  <testcase classname="Restassured.reqres" name="listofUsers">
    <skipped/>
  </testcase> <!-- listofUsers -->
  <system-out/>
  <testcase classname="Restassured.reqres" name="REGISTERUNSUCCESSFUL">
    <skipped/>
  </testcase> <!-- REGISTERUNSUCCESSFUL -->
  <system-out/>
  <testcase classname="Restassured.reqres" name="LOGINUNSUCCESSFUL">
    <skipped/>
  </testcase> <!-- LOGINUNSUCCESSFUL -->
  <system-out/>
  <testcase classname="Restassured.reqres" name="delete">
    <skipped/>
  </testcase> <!-- delete -->
  <system-out/>
  <testcase classname="Restassured.reqres" name="LOGINSUCCESSFUL">
    <skipped/>
  </testcase> <!-- LOGINSUCCESSFUL -->
  <system-out/>
  <testcase classname="Restassured.reqres" name="Update2">
    <skipped/>
  </testcase> <!-- Update2 -->
  <system-out/>
  <testcase classname="Restassured.reqres" name="SINGLERESOURCE">
    <skipped/>
  </testcase> <!-- SINGLERESOURCE -->
  <system-out/>
</testsuite> <!-- Restassured.reqres -->
